# JRE version: Java(TM) SE Runtime Environment (8.0_101-b13) (build 1.8.0_101-b13)
# Java VM: Java HotSpot(TM) 64-Bit Server VM (25.101-b13 mixed mode windows-amd64 compressed oops)
Heap:
 PSYoungGen      total 25600K, used 11565K [0x00000000d5980000, 0x00000000d7400000, 0x0000000100000000)
  eden space 24064K, 45% used [0x00000000d5980000,0x00000000d644b440,0x00000000d7100000)
  from space 1536K, 33% used [0x00000000d7100000,0x00000000d7180000,0x00000000d7280000)
  to   space 1536K, 0% used [0x00000000d7280000,0x00000000d7280000,0x00000000d7400000)
 ParOldGen       total 87552K, used 1900K [0x0000000080c00000, 0x0000000086180000, 0x00000000d5980000)
  object space 87552K, 2% used [0x0000000080c00000,0x0000000080ddb060,0x0000000086180000)
 Metaspace       used 4039K, capacity 4966K, committed 5248K, reserved 1056768K
  class space    used 469K, capacity 547K, committed 640K, reserved 1048576K
GC Heap History (10 events):
Event: 2.580 GC heap before
{Heap before GC invocations=21 (full 0):
 PSYoungGen      total 26624K, used 25472K [0x00000000d5980000, 0x00000000d7600000, 0x0000000100000000)
  eden space 25088K, 100% used [0x00000000d5980000,0x00000000d7200000,0x00000000d7200000)
  from space 1536K, 25% used [0x00000000d7480000,0x00000000d74e0000,0x00000000d7600000)
  to   space 2048K, 0% used [0x00000000d7200000,0x00000000d7200000,0x00000000d7400000)
 ParOldGen       total 87552K, used 1796K [0x0000000080c00000, 0x0000000086180000, 0x00000000d5980000)
  object space 87552K, 2% used [0x0000000080c00000,0x0000000080dc1060,0x0000000086180000)
 Metaspace       used 4033K, capacity 4966K, committed 5248K, reserved 1056768K
  class space    used 469K, capacity 547K, committed 640K, reserved 1048576K
Event: 2.581 GC heap after
Heap after GC invocations=21 (full 0):
 PSYoungGen      total 25088K, used 512K [0x00000000d5980000, 0x00000000d7580000, 0x0000000100000000)
  eden space 24576K, 0% used [0x00000000d5980000,0x00000000d5980000,0x00000000d7180000)
  from space 512K, 100% used [0x00000000d7200000,0x00000000d7280000,0x00000000d7280000)
  to   space 2048K, 0% used [0x00000000d7380000,0x00000000d7380000,0x00000000d7580000)
 ParOldGen       total 87552K, used 1828K [0x0000000080c00000, 0x0000000086180000, 0x00000000d5980000)
  object space 87552K, 2% used [0x0000000080c00000,0x0000000080dc9060,0x0000000086180000)
 Metaspace       used 4033K, capacity 4966K, committed 5248K, reserved 1056768K
  class space    used 469K, capacity 547K, committed 640K, reserved 1048576K
}
Event: 2.675 GC heap before
{Heap before GC invocations=22 (full 0):
 PSYoungGen      total 25088K, used 25088K [0x00000000d5980000, 0x00000000d7580000, 0x0000000100000000)
  eden space 24576K, 100% used [0x00000000d5980000,0x00000000d7180000,0x00000000d7180000)
  from space 512K, 100% used [0x00000000d7200000,0x00000000d7280000,0x00000000d7280000)
  to   space 2048K, 0% used [0x00000000d7380000,0x00000000d7380000,0x00000000d7580000)
 ParOldGen       total 87552K, used 1828K [0x0000000080c00000, 0x0000000086180000, 0x00000000d5980000)
  object space 87552K, 2% used [0x0000000080c00000,0x0000000080dc9060,0x0000000086180000)
 Metaspace       used 4033K, capacity 4966K, committed 5248K, reserved 1056768K
  class space    used 469K, capacity 547K, committed 640K, reserved 1048576K
Event: 2.676 GC heap after
Heap after GC invocations=22 (full 0):
 PSYoungGen      total 25600K, used 672K [0x00000000d5980000, 0x00000000d7500000, 0x0000000100000000)
  eden space 24064K, 0% used [0x00000000d5980000,0x00000000d5980000,0x00000000d7100000)
  from space 1536K, 43% used [0x00000000d7380000,0x00000000d7428000,0x00000000d7500000)
  to   space 2048K, 0% used [0x00000000d7100000,0x00000000d7100000,0x00000000d7300000)
 ParOldGen       total 87552K, used 1844K [0x0000000080c00000, 0x0000000086180000, 0x00000000d5980000)
  object space 87552K, 2% used [0x0000000080c00000,0x0000000080dcd060,0x0000000086180000)
 Metaspace       used 4033K, capacity 4966K, committed 5248K, reserved 1056768K
  class space    used 469K, capacity 547K, committed 640K, reserved 1048576K
}
Event: 2.758 GC heap before
{Heap before GC invocations=23 (full 0):
 PSYoungGen      total 25600K, used 24736K [0x00000000d5980000, 0x00000000d7500000, 0x0000000100000000)
  eden space 24064K, 100% used [0x00000000d5980000,0x00000000d7100000,0x00000000d7100000)
  from space 1536K, 43% used [0x00000000d7380000,0x00000000d7428000,0x00000000d7500000)
  to   space 2048K, 0% used [0x00000000d7100000,0x00000000d7100000,0x00000000d7300000)
 ParOldGen       total 87552K, used 1844K [0x0000000080c00000, 0x0000000086180000, 0x00000000d5980000)
  object space 87552K, 2% used [0x0000000080c00000,0x0000000080dcd060,0x0000000086180000)
 Metaspace       used 4033K, capacity 4966K, committed 5248K, reserved 1056768K
  class space    used 469K, capacity 547K, committed 640K, reserved 1048576K
Event: 2.758 GC heap after
Heap after GC invocations=23 (full 0):
 PSYoungGen      total 26112K, used 672K [0x00000000d5980000, 0x00000000d7500000, 0x0000000100000000)
  eden space 24064K, 0% used [0x00000000d5980000,0x00000000d5980000,0x00000000d7100000)
  from space 2048K, 32% used [0x00000000d7100000,0x00000000d71a8000,0x00000000d7300000)
  to   space 2048K, 0% used [0x00000000d7300000,0x00000000d7300000,0x00000000d7500000)
 ParOldGen       total 87552K, used 1876K [0x0000000080c00000, 0x0000000086180000, 0x00000000d5980000)
  object space 87552K, 2% used [0x0000000080c00000,0x0000000080dd5060,0x0000000086180000)
 Metaspace       used 4033K, capacity 4966K, committed 5248K, reserved 1056768K
  class space    used 469K, capacity 547K, committed 640K, reserved 1048576K
}
Event: 2.831 GC heap before
{Heap before GC invocations=24 (full 0):
 PSYoungGen      total 26112K, used 24736K [0x00000000d5980000, 0x00000000d7500000, 0x0000000100000000)
  eden space 24064K, 100% used [0x00000000d5980000,0x00000000d7100000,0x00000000d7100000)
  from space 2048K, 32% used [0x00000000d7100000,0x00000000d71a8000,0x00000000d7300000)
  to   space 2048K, 0% used [0x00000000d7300000,0x00000000d7300000,0x00000000d7500000)
 ParOldGen       total 87552K, used 1876K [0x0000000080c00000, 0x0000000086180000, 0x00000000d5980000)
  object space 87552K, 2% used [0x0000000080c00000,0x0000000080dd5060,0x0000000086180000)
 Metaspace       used 4033K, capacity 4966K, committed 5248K, reserved 1056768K
  class space    used 469K, capacity 547K, committed 640K, reserved 1048576K
Event: 2.832 GC heap after
Heap after GC invocations=24 (full 0):
 PSYoungGen      total 25088K, used 640K [0x00000000d5980000, 0x00000000d7400000, 0x0000000100000000)
  eden space 24064K, 0% used [0x00000000d5980000,0x00000000d5980000,0x00000000d7100000)
  from space 1024K, 62% used [0x00000000d7300000,0x00000000d73a0000,0x00000000d7400000)
  to   space 1536K, 0% used [0x00000000d7100000,0x00000000d7100000,0x00000000d7280000)
 ParOldGen       total 87552K, used 1884K [0x0000000080c00000, 0x0000000086180000, 0x00000000d5980000)
  object space 87552K, 2% used [0x0000000080c00000,0x0000000080dd7060,0x0000000086180000)
 Metaspace       used 4033K, capacity 4966K, committed 5248K, reserved 1056768K
  class space    used 469K, capacity 547K, committed 640K, reserved 1048576K
}
Event: 2.911 GC heap before
{Heap before GC invocations=25 (full 0):
 PSYoungGen      total 25088K, used 24704K [0x00000000d5980000, 0x00000000d7400000, 0x0000000100000000)
  eden space 24064K, 100% used [0x00000000d5980000,0x00000000d7100000,0x00000000d7100000)
  from space 1024K, 62% used [0x00000000d7300000,0x00000000d73a0000,0x00000000d7400000)
  to   space 1536K, 0% used [0x00000000d7100000,0x00000000d7100000,0x00000000d7280000)
 ParOldGen       total 87552K, used 1884K [0x0000000080c00000, 0x0000000086180000, 0x00000000d5980000)
  object space 87552K, 2% used [0x0000000080c00000,0x0000000080dd7060,0x0000000086180000)
 Metaspace       used 4039K, capacity 4966K, committed 5248K, reserved 1056768K
  class space    used 469K, capacity 547K, committed 640K, reserved 1048576K
Event: 2.912 GC heap after
Heap after GC invocations=25 (full 0):
 PSYoungGen      total 25600K, used 512K [0x00000000d5980000, 0x00000000d7400000, 0x0000000100000000)
  eden space 24064K, 0% used [0x00000000d5980000,0x00000000d5980000,0x00000000d7100000)
  from space 1536K, 33% used [0x00000000d7100000,0x00000000d7180000,0x00000000d7280000)
  to   space 1536K, 0% used [0x00000000d7280000,0x00000000d7280000,0x00000000d7400000)
 ParOldGen       total 87552K, used 1900K [0x0000000080c00000, 0x0000000086180000, 0x00000000d5980000)
  object space 87552K, 2% used [0x0000000080c00000,0x0000000080ddb060,0x0000000086180000)
 Metaspace       used 4039K, capacity 4966K, committed 5248K, reserved 1056768K
  class space    used 469K, capacity 547K, committed 640K, reserved 1048576K
}

